<?xml version="1.0" encoding="UTF-8"?>
<!-- Generated by org.testng.reporters.JUnitReportReporter -->
<testsuite hostname="LAPTOP-71SFUCUL" failures="0" tests="3" name="test.test" time="0.185" errors="0" timestamp="2021-05-13T21:53:14 EDT" skipped="0">
  <testcase classname="test.test" name="verifytitle" time="0.009"/>
  <system-out/>
  <testcase classname="test.test" name="entePassword" time="0.105"/>
  <system-out/>
  <testcase classname="test.test" name="enterEmail" time="0.071"/>
  <system-out/>
</testsuite> <!-- test.test -->
