<?xml version="1.0" encoding="UTF-8"?>
<!-- Generated by org.testng.reporters.JUnitReportReporter -->
<testsuite hostname="LAPTOP-71SFUCUL" failures="0" tests="1" name="test.ProperyReader" time="0.014" errors="0" timestamp="2021-05-15T13:52:33 EDT" skipped="0">
  <testcase classname="test.ProperyReader" name="getData" time="0.014"/>
  <system-out/>
</testsuite> <!-- test.ProperyReader -->
