<?xml version="1.0" encoding="UTF-8"?>
<!-- Generated by org.testng.reporters.JUnitReportReporter -->
<testsuite hostname="LAPTOP-71SFUCUL" failures="0" tests="1" name="test.Excelconfig" time="0.717" errors="0" timestamp="2021-05-18T22:58:56 EDT" skipped="0">
  <testcase classname="test.Excelconfig" name="excelRead" time="0.717"/>
  <system-out/>
</testsuite> <!-- test.Excelconfig -->
