<?xml version="1.0" encoding="UTF-8"?>
<!-- Generated by org.testng.reporters.JUnitReportReporter -->
<testsuite hostname="LAPTOP-71SFUCUL" failures="0" tests="2" name="test.parallel" time="7.279" errors="0" timestamp="2021-05-23T18:26:04 EDT" skipped="0">
  <testcase classname="test.parallel" name="method1" time="3.947"/>
  <system-out/>
  <testcase classname="test.parallel" name="method1" time="3.332"/>
  <system-out/>
</testsuite> <!-- test.parallel -->
