<?xml version="1.0" encoding="UTF-8"?>
<!-- Generated by org.testng.reporters.JUnitReportReporter -->
<testsuite hostname="LAPTOP-71SFUCUL" failures="0" tests="1" name="test.Work" time="3.272" errors="0" timestamp="2021-05-20T21:27:58 EDT" skipped="0">
  <testcase classname="test.Work" name="browser" time="3.272"/>
  <system-out/>
</testsuite> <!-- test.Work -->
