<?xml version="1.0" encoding="UTF-8"?>
<!-- Generated by org.testng.reporters.JUnitReportReporter -->
<testsuite hostname="LAPTOP-71SFUCUL" failures="0" tests="3" name="Newtest" time="0.125" errors="0" timestamp="2021-05-12T21:35:38 EDT" skipped="0">
  <testcase classname="Newtest" name="entePassword" time="0.065"/>
  <system-out/>
  <testcase classname="Newtest" name="enterEmail" time="0.054"/>
  <system-out/>
  <testcase classname="Newtest" name="verifytitle" time="0.006"/>
  <system-out/>
</testsuite> <!-- Newtest -->
