<?xml version="1.0" encoding="UTF-8"?>
<!-- Generated by org.testng.reporters.JUnitReportReporter -->
<testsuite hostname="LAPTOP-71SFUCUL" failures="0" tests="1" name="Test.Qa" time="0.014" errors="0" timestamp="2021-05-12T22:13:22 EDT" skipped="0">
  <testcase classname="Test.Qa" name="verifytitle" time="0.014"/>
  <system-out/>
</testsuite> <!-- Test.Qa -->
