<?xml version="1.0" encoding="UTF-8"?>
<!-- Generated by org.testng.reporters.JUnitReportReporter -->
<testsuite hostname="LAPTOP-71SFUCUL" failures="0" tests="1" name="test" time="0.007" errors="0" timestamp="2021-05-11T20:42:13 EDT" skipped="0">
  <testcase classname="test" name="meth" time="0.007"/>
  <system-out/>
</testsuite> <!-- test -->
