<?xml version="1.0" encoding="UTF-8"?>
<!-- Generated by org.testng.reporters.JUnitReportReporter -->
<testsuite hostname="LAPTOP-71SFUCUL" failures="0" tests="2" name="assignment.Mavenn" time="3.340" errors="0" timestamp="2021-05-14T21:56:12 EDT" skipped="0">
  <testcase classname="assignment.Mavenn" name="enterword" time="3.322"/>
  <system-out/>
  <testcase classname="assignment.Mavenn" name="verifytitle" time="0.018"/>
  <system-out/>
</testsuite> <!-- assignment.Mavenn -->
