<?xml version="1.0" encoding="UTF-8"?>
<!-- Generated by org.testng.reporters.JUnitReportReporter -->
<testsuite hostname="LAPTOP-71SFUCUL" failures="0" tests="1" name="assignment.Amazon" time="4.699" errors="0" timestamp="2021-05-22T12:52:56 EDT" skipped="0">
  <testcase classname="assignment.Amazon" name="mouseon" time="4.699"/>
  <system-out/>
</testsuite> <!-- assignment.Amazon -->
