<?xml version="1.0" encoding="UTF-8"?>
<!-- Generated by org.testng.reporters.JUnitReportReporter -->
<testsuite hostname="LAPTOP-71SFUCUL" failures="0" tests="1" name="Start" time="9.974" errors="0" timestamp="2021-05-27T21:17:26 EDT" skipped="0">
  <testcase classname="Start" name="launchAPP" time="9.974"/>
  <system-out/>
</testsuite> <!-- Start -->
